System check identified some issues:

WARNINGS:
?: (urls.W005) URL namespace 'v1' isn't unique. You may not be able to reverse all URLs in this namespace
chatting.Message: (models.W042) Auto-created primary key used when not defining a primary key type, by default 'django.db.models.AutoField'.
	HINT: Configure the DEFAULT_AUTO_FIELD setting or the ChattingConfig.default_auto_field attribute to point to a subclass of AutoField, e.g. 'django.db.models.BigAutoField'.
chatting.Room: (models.W042) Auto-created primary key used when not defining a primary key type, by default 'django.db.models.AutoField'.
	HINT: Configure the DEFAULT_AUTO_FIELD setting or the ChattingConfig.default_auto_field attribute to point to a subclass of AutoField, e.g. 'django.db.models.BigAutoField'.
events.CurateImages: (models.W042) Auto-created primary key used when not defining a primary key type, by default 'django.db.models.AutoField'.
	HINT: Configure the DEFAULT_AUTO_FIELD setting or the EventsConfig.default_auto_field attribute to point to a subclass of AutoField, e.g. 'django.db.models.BigAutoField'.
events.CuratedEvents.categoery: (fields.W340) null has no effect on ManyToManyField.
events.CuratedEvents: (models.W042) Auto-created primary key used when not defining a primary key type, by default 'django.db.models.AutoField'.
	HINT: Configure the DEFAULT_AUTO_FIELD setting or the EventsConfig.default_auto_field attribute to point to a subclass of AutoField, e.g. 'django.db.models.BigAutoField'.
events.EventImages: (models.W042) Auto-created primary key used when not defining a primary key type, by default 'django.db.models.AutoField'.
	HINT: Configure the DEFAULT_AUTO_FIELD setting or the EventsConfig.default_auto_field attribute to point to a subclass of AutoField, e.g. 'django.db.models.BigAutoField'.
events.EventInterestedUsers: (models.W042) Auto-created primary key used when not defining a primary key type, by default 'django.db.models.AutoField'.
	HINT: Configure the DEFAULT_AUTO_FIELD setting or the EventsConfig.default_auto_field attribute to point to a subclass of AutoField, e.g. 'django.db.models.BigAutoField'.
events.Events.event_interest: (fields.W340) null has no effect on ManyToManyField.
events.Events.interested_users: (fields.W340) null has no effect on ManyToManyField.
events.Events.invited_users: (fields.W340) null has no effect on ManyToManyField.
events.ImagesUpload: (models.W042) Auto-created primary key used when not defining a primary key type, by default 'django.db.models.AutoField'.
	HINT: Configure the DEFAULT_AUTO_FIELD setting or the EventsConfig.default_auto_field attribute to point to a subclass of AutoField, e.g. 'django.db.models.BigAutoField'.
matching.CloseFriendList: (models.W042) Auto-created primary key used when not defining a primary key type, by default 'django.db.models.AutoField'.
	HINT: Configure the DEFAULT_AUTO_FIELD setting or the MatchingConfig.default_auto_field attribute to point to a subclass of AutoField, e.g. 'django.db.models.BigAutoField'.
matching.UserContacts: (models.W042) Auto-created primary key used when not defining a primary key type, by default 'django.db.models.AutoField'.
	HINT: Configure the DEFAULT_AUTO_FIELD setting or the MatchingConfig.default_auto_field attribute to point to a subclass of AutoField, e.g. 'django.db.models.BigAutoField'.
matching.UserLocation: (models.W042) Auto-created primary key used when not defining a primary key type, by default 'django.db.models.AutoField'.
	HINT: Configure the DEFAULT_AUTO_FIELD setting or the MatchingConfig.default_auto_field attribute to point to a subclass of AutoField, e.g. 'django.db.models.BigAutoField'.
matching.UserScore: (models.W042) Auto-created primary key used when not defining a primary key type, by default 'django.db.models.AutoField'.
	HINT: Configure the DEFAULT_AUTO_FIELD setting or the MatchingConfig.default_auto_field attribute to point to a subclass of AutoField, e.g. 'django.db.models.BigAutoField'.
notifications.DeviceRegistry: (models.W042) Auto-created primary key used when not defining a primary key type, by default 'django.db.models.AutoField'.
	HINT: Configure the DEFAULT_AUTO_FIELD setting or the NotificationsConfig.default_auto_field attribute to point to a subclass of AutoField, e.g. 'django.db.models.BigAutoField'.
notifications.Notification: (models.W042) Auto-created primary key used when not defining a primary key type, by default 'django.db.models.AutoField'.
	HINT: Configure the DEFAULT_AUTO_FIELD setting or the NotificationsConfig.default_auto_field attribute to point to a subclass of AutoField, e.g. 'django.db.models.BigAutoField'.
rest_firebase_auth.FirebaseUser: (models.W042) Auto-created primary key used when not defining a primary key type, by default 'django.db.models.AutoField'.
	HINT: Configure the DEFAULT_AUTO_FIELD setting or the CoreConfig.default_auto_field attribute to point to a subclass of AutoField, e.g. 'django.db.models.BigAutoField'.
rest_firebase_auth.FirebaseUserProvider: (models.W042) Auto-created primary key used when not defining a primary key type, by default 'django.db.models.AutoField'.
	HINT: Configure the DEFAULT_AUTO_FIELD setting or the CoreConfig.default_auto_field attribute to point to a subclass of AutoField, e.g. 'django.db.models.BigAutoField'.
silk.Profile: (models.W042) Auto-created primary key used when not defining a primary key type, by default 'django.db.models.AutoField'.
	HINT: Configure the DEFAULT_AUTO_FIELD setting or the AppConfig.default_auto_field attribute to point to a subclass of AutoField, e.g. 'django.db.models.BigAutoField'.
silk.SQLQuery: (models.W042) Auto-created primary key used when not defining a primary key type, by default 'django.db.models.AutoField'.
	HINT: Configure the DEFAULT_AUTO_FIELD setting or the AppConfig.default_auto_field attribute to point to a subclass of AutoField, e.g. 'django.db.models.BigAutoField'.
userprofile.DisplayPicture: (models.W042) Auto-created primary key used when not defining a primary key type, by default 'django.db.models.AutoField'.
	HINT: Configure the DEFAULT_AUTO_FIELD setting or the UserprofileConfig.default_auto_field attribute to point to a subclass of AutoField, e.g. 'django.db.models.BigAutoField'.
userprofile.InstagramConnect: (models.W042) Auto-created primary key used when not defining a primary key type, by default 'django.db.models.AutoField'.
	HINT: Configure the DEFAULT_AUTO_FIELD setting or the UserprofileConfig.default_auto_field attribute to point to a subclass of AutoField, e.g. 'django.db.models.BigAutoField'.
userprofile.ProfileDetails.interest: (fields.W340) null has no effect on ManyToManyField.
userprofile.ProfileDetails: (models.W042) Auto-created primary key used when not defining a primary key type, by default 'django.db.models.AutoField'.
	HINT: Configure the DEFAULT_AUTO_FIELD setting or the UserprofileConfig.default_auto_field attribute to point to a subclass of AutoField, e.g. 'django.db.models.BigAutoField'.
userprofile.PromptQuestions: (models.W042) Auto-created primary key used when not defining a primary key type, by default 'django.db.models.AutoField'.
	HINT: Configure the DEFAULT_AUTO_FIELD setting or the UserprofileConfig.default_auto_field attribute to point to a subclass of AutoField, e.g. 'django.db.models.BigAutoField'.
userprofile.SpotifyConnect: (models.W042) Auto-created primary key used when not defining a primary key type, by default 'django.db.models.AutoField'.
	HINT: Configure the DEFAULT_AUTO_FIELD setting or the UserprofileConfig.default_auto_field attribute to point to a subclass of AutoField, e.g. 'django.db.models.BigAutoField'.
userprofile.UserContactList: (models.W042) Auto-created primary key used when not defining a primary key type, by default 'django.db.models.AutoField'.
	HINT: Configure the DEFAULT_AUTO_FIELD setting or the UserprofileConfig.default_auto_field attribute to point to a subclass of AutoField, e.g. 'django.db.models.BigAutoField'.
userprofile.UserImages: (models.W042) Auto-created primary key used when not defining a primary key type, by default 'django.db.models.AutoField'.
	HINT: Configure the DEFAULT_AUTO_FIELD setting or the UserprofileConfig.default_auto_field attribute to point to a subclass of AutoField, e.g. 'django.db.models.BigAutoField'.
userprofile.UserPreference: (models.W042) Auto-created primary key used when not defining a primary key type, by default 'django.db.models.AutoField'.
	HINT: Configure the DEFAULT_AUTO_FIELD setting or the UserprofileConfig.default_auto_field attribute to point to a subclass of AutoField, e.g. 'django.db.models.BigAutoField'.
userprofile.UserPromptQA: (models.W042) Auto-created primary key used when not defining a primary key type, by default 'django.db.models.AutoField'.
	HINT: Configure the DEFAULT_AUTO_FIELD setting or the UserprofileConfig.default_auto_field attribute to point to a subclass of AutoField, e.g. 'django.db.models.BigAutoField'.
userprofile.UsersContacts: (models.W042) Auto-created primary key used when not defining a primary key type, by default 'django.db.models.AutoField'.
	HINT: Configure the DEFAULT_AUTO_FIELD setting or the UserprofileConfig.default_auto_field attribute to point to a subclass of AutoField, e.g. 'django.db.models.BigAutoField'.

System check identified 33 issues (0 silenced).
Internal Server Error: /events/event
Traceback (most recent call last):
  File "/home/ubuntu/hobnob/env/lib/python3.8/site-packages/django/core/handlers/exception.py", line 47, in inner
    response = get_response(request)
  File "/home/ubuntu/hobnob/env/lib/python3.8/site-packages/django/core/handlers/base.py", line 181, in _get_response
    response = wrapped_callback(request, *callback_args, **callback_kwargs)
  File "/home/ubuntu/hobnob/env/lib/python3.8/site-packages/sentry_sdk/integrations/django/views.py", line 67, in sentry_wrapped_callback
    return callback(request, *args, **kwargs)
  File "/home/ubuntu/hobnob/env/lib/python3.8/site-packages/django/views/decorators/csrf.py", line 54, in wrapped_view
    return view_func(*args, **kwargs)
  File "/home/ubuntu/hobnob/env/lib/python3.8/site-packages/django/views/generic/base.py", line 70, in view
    return self.dispatch(request, *args, **kwargs)
  File "/home/ubuntu/hobnob/env/lib/python3.8/site-packages/rest_framework/views.py", line 509, in dispatch
    response = self.handle_exception(exc)
  File "/home/ubuntu/hobnob/env/lib/python3.8/site-packages/rest_framework/views.py", line 469, in handle_exception
    self.raise_uncaught_exception(exc)
  File "/home/ubuntu/hobnob/env/lib/python3.8/site-packages/rest_framework/views.py", line 480, in raise_uncaught_exception
    raise exc
  File "/home/ubuntu/hobnob/env/lib/python3.8/site-packages/rest_framework/views.py", line 506, in dispatch
    response = handler(request, *args, **kwargs)
  File "/home/ubuntu/hobnob/hobnob_project/events/views.py", line 113, in post
    event_img = EventImages.objects.create(
  File "/home/ubuntu/hobnob/env/lib/python3.8/site-packages/django/db/models/manager.py", line 85, in manager_method
    return getattr(self.get_queryset(), name)(*args, **kwargs)
  File "/home/ubuntu/hobnob/env/lib/python3.8/site-packages/django/db/models/query.py", line 453, in create
    obj.save(force_insert=True, using=self.db)
  File "/home/ubuntu/hobnob/hobnob_project/events/models.py", line 74, in save
    if self.event_img.size > 1000000:
  File "/home/ubuntu/hobnob/env/lib/python3.8/site-packages/django/db/models/fields/files.py", line 71, in size
    return self.storage.size(self.name)
  File "/home/ubuntu/hobnob/env/lib/python3.8/site-packages/django/core/files/storage.py", line 334, in size
    return os.path.getsize(self.path(name))
  File "/usr/lib/python3.8/genericpath.py", line 50, in getsize
    return os.stat(filename).st_size
FileNotFoundError: [Errno 2] No such file or directory: '/home/ubuntu/hobnob/hobnob_project/media/y_pic/IMG_1602072545492.png'
HTTP POST /events/event 500 [2.18, 114.79.169.57:63111]
Internal Server Error: /events/event
Traceback (most recent call last):
  File "/home/ubuntu/hobnob/env/lib/python3.8/site-packages/django/core/handlers/exception.py", line 47, in inner
    response = get_response(request)
  File "/home/ubuntu/hobnob/env/lib/python3.8/site-packages/django/core/handlers/base.py", line 181, in _get_response
    response = wrapped_callback(request, *callback_args, **callback_kwargs)
  File "/home/ubuntu/hobnob/env/lib/python3.8/site-packages/sentry_sdk/integrations/django/views.py", line 67, in sentry_wrapped_callback
    return callback(request, *args, **kwargs)
  File "/home/ubuntu/hobnob/env/lib/python3.8/site-packages/django/views/decorators/csrf.py", line 54, in wrapped_view
    return view_func(*args, **kwargs)
  File "/home/ubuntu/hobnob/env/lib/python3.8/site-packages/django/views/generic/base.py", line 70, in view
    return self.dispatch(request, *args, **kwargs)
  File "/home/ubuntu/hobnob/env/lib/python3.8/site-packages/rest_framework/views.py", line 509, in dispatch
    response = self.handle_exception(exc)
  File "/home/ubuntu/hobnob/env/lib/python3.8/site-packages/rest_framework/views.py", line 469, in handle_exception
    self.raise_uncaught_exception(exc)
  File "/home/ubuntu/hobnob/env/lib/python3.8/site-packages/rest_framework/views.py", line 480, in raise_uncaught_exception
    raise exc
  File "/home/ubuntu/hobnob/env/lib/python3.8/site-packages/rest_framework/views.py", line 506, in dispatch
    response = handler(request, *args, **kwargs)
  File "/home/ubuntu/hobnob/hobnob_project/events/views.py", line 113, in post
    event_img = EventImages.objects.create(
  File "/home/ubuntu/hobnob/env/lib/python3.8/site-packages/django/db/models/manager.py", line 85, in manager_method
    return getattr(self.get_queryset(), name)(*args, **kwargs)
  File "/home/ubuntu/hobnob/env/lib/python3.8/site-packages/django/db/models/query.py", line 453, in create
    obj.save(force_insert=True, using=self.db)
  File "/home/ubuntu/hobnob/hobnob_project/events/models.py", line 74, in save
    if self.event_img.size > 1000000:
  File "/home/ubuntu/hobnob/env/lib/python3.8/site-packages/django/db/models/fields/files.py", line 71, in size
    return self.storage.size(self.name)
  File "/home/ubuntu/hobnob/env/lib/python3.8/site-packages/django/core/files/storage.py", line 334, in size
    return os.path.getsize(self.path(name))
  File "/usr/lib/python3.8/genericpath.py", line 50, in getsize
    return os.stat(filename).st_size
FileNotFoundError: [Errno 2] No such file or directory: '/home/ubuntu/hobnob/hobnob_project/media/y_pic/IMG_1602072545492.png'
HTTP POST /events/event 500 [1.88, 114.79.169.57:54905]
Internal Server Error: /events/event
Traceback (most recent call last):
  File "/home/ubuntu/hobnob/env/lib/python3.8/site-packages/django/core/handlers/exception.py", line 47, in inner
    response = get_response(request)
  File "/home/ubuntu/hobnob/env/lib/python3.8/site-packages/django/core/handlers/base.py", line 181, in _get_response
    response = wrapped_callback(request, *callback_args, **callback_kwargs)
  File "/home/ubuntu/hobnob/env/lib/python3.8/site-packages/sentry_sdk/integrations/django/views.py", line 67, in sentry_wrapped_callback
    return callback(request, *args, **kwargs)
  File "/home/ubuntu/hobnob/env/lib/python3.8/site-packages/django/views/decorators/csrf.py", line 54, in wrapped_view
    return view_func(*args, **kwargs)
  File "/home/ubuntu/hobnob/env/lib/python3.8/site-packages/django/views/generic/base.py", line 70, in view
    return self.dispatch(request, *args, **kwargs)
  File "/home/ubuntu/hobnob/env/lib/python3.8/site-packages/rest_framework/views.py", line 509, in dispatch
    response = self.handle_exception(exc)
  File "/home/ubuntu/hobnob/env/lib/python3.8/site-packages/rest_framework/views.py", line 469, in handle_exception
    self.raise_uncaught_exception(exc)
  File "/home/ubuntu/hobnob/env/lib/python3.8/site-packages/rest_framework/views.py", line 480, in raise_uncaught_exception
    raise exc
  File "/home/ubuntu/hobnob/env/lib/python3.8/site-packages/rest_framework/views.py", line 506, in dispatch
    response = handler(request, *args, **kwargs)
  File "/home/ubuntu/hobnob/hobnob_project/events/views.py", line 113, in post
    event_img = EventImages.objects.create(
  File "/home/ubuntu/hobnob/env/lib/python3.8/site-packages/django/db/models/manager.py", line 85, in manager_method
    return getattr(self.get_queryset(), name)(*args, **kwargs)
  File "/home/ubuntu/hobnob/env/lib/python3.8/site-packages/django/db/models/query.py", line 453, in create
    obj.save(force_insert=True, using=self.db)
  File "/home/ubuntu/hobnob/hobnob_project/events/models.py", line 74, in save
    if self.event_img.size > 1000000:
  File "/home/ubuntu/hobnob/env/lib/python3.8/site-packages/django/db/models/fields/files.py", line 71, in size
    return self.storage.size(self.name)
  File "/home/ubuntu/hobnob/env/lib/python3.8/site-packages/django/core/files/storage.py", line 334, in size
    return os.path.getsize(self.path(name))
  File "/usr/lib/python3.8/genericpath.py", line 50, in getsize
    return os.stat(filename).st_size
FileNotFoundError: [Errno 2] No such file or directory: '/home/ubuntu/hobnob/hobnob_project/media/y_pic/IMG_1602072545492.png'
HTTP POST /events/event 500 [1.57, 114.79.169.57:54905]
Performing system checks...

September 23, 2021 - 17:00:06
Django version 3.2.5, using settings 'hobnob.settings'
Starting ASGI/Channels version 3.0.3 development server at http://0:8000/
Quit the server with CONTROL-C.
last_data nithin sai Software Enginner <class 'userprofile.models.ProfileDetails'>
score pCmYfBx78vQiLez4dQbQmF6FaGM2
User Profile Score Updated
last_data nithin sai Software Enginner <class 'userprofile.models.ProfileDetails'>
score pCmYfBx78vQiLez4dQbQmF6FaGM2
User Profile Score Updated
follower_list <QuerySet [10, 41]>
device regisered pCmYfBx78vQiLez4dQbQmF6FaGM2 21 nithin sai Notification Test
Event Creation Notification Sent
before saving y_pic/IMG_1602072545492.png
self.event_img y_pic/IMG_1602072545492.png
follower_list <QuerySet [10, 41]>
device regisered pCmYfBx78vQiLez4dQbQmF6FaGM2 22 nithin sai Notification Test
Event Creation Notification Sent
before saving y_pic/IMG_1602072545492.png
self.event_img y_pic/IMG_1602072545492.png
follower_list <QuerySet [10, 41]>
device regisered pCmYfBx78vQiLez4dQbQmF6FaGM2 23 nithin sai Notification Test
Event Creation Notification Sent
before saving y_pic/IMG_1602072545492.png
self.event_img y_pic/IMG_1602072545492.png
